# JRE version: Java(TM) SE Runtime Environment (8.0_152-b16) (build 1.8.0_152-b16)
# Java VM: Java HotSpot(TM) 64-Bit Server VM (25.152-b16 mixed mode windows-amd64 compressed oops)
Heap:
 PSYoungGen      total 87552K, used 75775K [0x00000000d5b80000, 0x00000000dd700000, 0x0000000100000000)
  eden space 77824K, 97% used [0x00000000d5b80000,0x00000000da57fe70,0x00000000da780000)
  from space 9728K, 0% used [0x00000000db100000,0x00000000db100000,0x00000000dba80000)
  to   space 9728K, 0% used [0x00000000da780000,0x00000000da780000,0x00000000db100000)
 ParOldGen       total 92160K, used 9478K [0x0000000081200000, 0x0000000086c00000, 0x00000000d5b80000)
  object space 92160K, 10% used [0x0000000081200000,0x0000000081b419b0,0x0000000086c00000)
 Metaspace       used 41935K, capacity 45514K, committed 45736K, reserved 1089536K
  class space    used 6001K, capacity 6562K, committed 6568K, reserved 1048576K
GC Heap History (10 events):
Event: 2.204 GC heap before
{Heap before GC invocations=4 (full 1):
 PSYoungGen      total 38400K, used 5107K [0x00000000d5b80000, 0x00000000da680000, 0x0000000100000000)
  eden space 33280K, 0% used [0x00000000d5b80000,0x00000000d5b80000,0x00000000d7c00000)
  from space 5120K, 99% used [0x00000000d7c00000,0x00000000d80fcd38,0x00000000d8100000)
  to   space 5120K, 0% used [0x00000000da180000,0x00000000da180000,0x00000000da680000)
 ParOldGen       total 87552K, used 5331K [0x0000000081200000, 0x0000000086780000, 0x00000000d5b80000)
  object space 87552K, 6% used [0x0000000081200000,0x0000000081734d10,0x0000000086780000)
 Metaspace       used 20035K, capacity 21254K, committed 21296K, reserved 1067008K
  class space    used 2735K, capacity 2924K, committed 2944K, reserved 1048576K
Event: 2.228 GC heap after
Heap after GC invocations=4 (full 1):
 PSYoungGen      total 38400K, used 0K [0x00000000d5b80000, 0x00000000da680000, 0x0000000100000000)
  eden space 33280K, 0% used [0x00000000d5b80000,0x00000000d5b80000,0x00000000d7c00000)
  from space 5120K, 0% used [0x00000000d7c00000,0x00000000d7c00000,0x00000000d8100000)
  to   space 5120K, 0% used [0x00000000da180000,0x00000000da180000,0x00000000da680000)
 ParOldGen       total 59904K, used 6290K [0x0000000081200000, 0x0000000084c80000, 0x00000000d5b80000)
  object space 59904K, 10% used [0x0000000081200000,0x0000000081824988,0x0000000084c80000)
 Metaspace       used 20035K, capacity 21254K, committed 21296K, reserved 1067008K
  class space    used 2735K, capacity 2924K, committed 2944K, reserved 1048576K
}
Event: 2.697 GC heap before
{Heap before GC invocations=5 (full 1):
 PSYoungGen      total 38400K, used 33280K [0x00000000d5b80000, 0x00000000da680000, 0x0000000100000000)
  eden space 33280K, 100% used [0x00000000d5b80000,0x00000000d7c00000,0x00000000d7c00000)
  from space 5120K, 0% used [0x00000000d7c00000,0x00000000d7c00000,0x00000000d8100000)
  to   space 5120K, 0% used [0x00000000da180000,0x00000000da180000,0x00000000da680000)
 ParOldGen       total 59904K, used 6290K [0x0000000081200000, 0x0000000084c80000, 0x00000000d5b80000)
  object space 59904K, 10% used [0x0000000081200000,0x0000000081824988,0x0000000084c80000)
 Metaspace       used 26257K, capacity 28002K, committed 28160K, reserved 1073152K
  class space    used 3759K, capacity 4045K, committed 4096K, reserved 1048576K
Event: 2.702 GC heap after
Heap after GC invocations=5 (full 1):
 PSYoungGen      total 55808K, used 5088K [0x00000000d5b80000, 0x00000000da680000, 0x0000000100000000)
  eden space 50688K, 0% used [0x00000000d5b80000,0x00000000d5b80000,0x00000000d8d00000)
  from space 5120K, 99% used [0x00000000da180000,0x00000000da678220,0x00000000da680000)
  to   space 5120K, 0% used [0x00000000d9c80000,0x00000000d9c80000,0x00000000da180000)
 ParOldGen       total 59904K, used 7065K [0x0000000081200000, 0x0000000084c80000, 0x00000000d5b80000)
  object space 59904K, 11% used [0x0000000081200000,0x00000000818e67b8,0x0000000084c80000)
 Metaspace       used 26257K, capacity 28002K, committed 28160K, reserved 1073152K
  class space    used 3759K, capacity 4045K, committed 4096K, reserved 1048576K
}
Event: 3.075 GC heap before
{Heap before GC invocations=6 (full 1):
 PSYoungGen      total 55808K, used 55776K [0x00000000d5b80000, 0x00000000da680000, 0x0000000100000000)
  eden space 50688K, 100% used [0x00000000d5b80000,0x00000000d8d00000,0x00000000d8d00000)
  from space 5120K, 99% used [0x00000000da180000,0x00000000da678220,0x00000000da680000)
  to   space 5120K, 0% used [0x00000000d9c80000,0x00000000d9c80000,0x00000000da180000)
 ParOldGen       total 59904K, used 7065K [0x0000000081200000, 0x0000000084c80000, 0x00000000d5b80000)
  object space 59904K, 11% used [0x0000000081200000,0x00000000818e67b8,0x0000000084c80000)
 Metaspace       used 31194K, capacity 33138K, committed 33408K, reserved 1077248K
  class space    used 4333K, capacity 4631K, committed 4736K, reserved 1048576K
Event: 3.080 GC heap after
Heap after GC invocations=6 (full 1):
 PSYoungGen      total 71680K, used 5101K [0x00000000d5b80000, 0x00000000dba80000, 0x0000000100000000)
  eden space 66560K, 0% used [0x00000000d5b80000,0x00000000d5b80000,0x00000000d9c80000)
  from space 5120K, 99% used [0x00000000d9c80000,0x00000000da17b408,0x00000000da180000)
  to   space 9728K, 0% used [0x00000000db100000,0x00000000db100000,0x00000000dba80000)
 ParOldGen       total 59904K, used 9873K [0x0000000081200000, 0x0000000084c80000, 0x00000000d5b80000)
  object space 59904K, 16% used [0x0000000081200000,0x0000000081ba4540,0x0000000084c80000)
 Metaspace       used 31194K, capacity 33138K, committed 33408K, reserved 1077248K
  class space    used 4333K, capacity 4631K, committed 4736K, reserved 1048576K
}
Event: 3.259 GC heap before
{Heap before GC invocations=7 (full 1):
 PSYoungGen      total 71680K, used 25315K [0x00000000d5b80000, 0x00000000dba80000, 0x0000000100000000)
  eden space 66560K, 30% used [0x00000000d5b80000,0x00000000d6f3da60,0x00000000d9c80000)
  from space 5120K, 99% used [0x00000000d9c80000,0x00000000da17b408,0x00000000da180000)
  to   space 9728K, 0% used [0x00000000db100000,0x00000000db100000,0x00000000dba80000)
 ParOldGen       total 59904K, used 9873K [0x0000000081200000, 0x0000000084c80000, 0x00000000d5b80000)
  object space 59904K, 16% used [0x0000000081200000,0x0000000081ba4540,0x0000000084c80000)
 Metaspace       used 33416K, capacity 35320K, committed 35496K, reserved 1079296K
  class space    used 4694K, capacity 4993K, committed 5032K, reserved 1048576K
Event: 3.264 GC heap after
Heap after GC invocations=7 (full 1):
 PSYoungGen      total 87552K, used 5394K [0x00000000d5b80000, 0x00000000dd700000, 0x0000000100000000)
  eden space 77824K, 0% used [0x00000000d5b80000,0x00000000d5b80000,0x00000000da780000)
  from space 9728K, 55% used [0x00000000db100000,0x00000000db644940,0x00000000dba80000)
  to   space 9728K, 0% used [0x00000000da780000,0x00000000da780000,0x00000000db100000)
 ParOldGen       total 59904K, used 9873K [0x0000000081200000, 0x0000000084c80000, 0x00000000d5b80000)
  object space 59904K, 16% used [0x0000000081200000,0x0000000081ba4540,0x0000000084c80000)
 Metaspace       used 33416K, capacity 35320K, committed 35496K, reserved 1079296K
  class space    used 4694K, capacity 4993K, committed 5032K, reserved 1048576K
}
Event: 3.264 GC heap before
{Heap before GC invocations=8 (full 2):
 PSYoungGen      total 87552K, used 5394K [0x00000000d5b80000, 0x00000000dd700000, 0x0000000100000000)
  eden space 77824K, 0% used [0x00000000d5b80000,0x00000000d5b80000,0x00000000da780000)
  from space 9728K, 55% used [0x00000000db100000,0x00000000db644940,0x00000000dba80000)
  to   space 9728K, 0% used [0x00000000da780000,0x00000000da780000,0x00000000db100000)
 ParOldGen       total 59904K, used 9873K [0x0000000081200000, 0x0000000084c80000, 0x00000000d5b80000)
  object space 59904K, 16% used [0x0000000081200000,0x0000000081ba4540,0x0000000084c80000)
 Metaspace       used 33416K, capacity 35320K, committed 35496K, reserved 1079296K
  class space    used 4694K, capacity 4993K, committed 5032K, reserved 1048576K
Event: 3.304 GC heap after
Heap after GC invocations=8 (full 2):
 PSYoungGen      total 87552K, used 0K [0x00000000d5b80000, 0x00000000dd700000, 0x0000000100000000)
  eden space 77824K, 0% used [0x00000000d5b80000,0x00000000d5b80000,0x00000000da780000)
  from space 9728K, 0% used [0x00000000db100000,0x00000000db100000,0x00000000dba80000)
  to   space 9728K, 0% used [0x00000000da780000,0x00000000da780000,0x00000000db100000)
 ParOldGen       total 92160K, used 9478K [0x0000000081200000, 0x0000000086c00000, 0x00000000d5b80000)
  object space 92160K, 10% used [0x0000000081200000,0x0000000081b419b0,0x0000000086c00000)
 Metaspace       used 33414K, capacity 35314K, committed 35496K, reserved 1079296K
  class space    used 4693K, capacity 4992K, committed 5032K, reserved 1048576K
}

